<?xml version="1.0" encoding="UTF-8"?>
<!-- Generated by org.testng.reporters.JUnitReportReporter -->
<testsuite skipped="0" hostname="DESKTOP-JDG5JQP" name="Testngg.hardassert" tests="1" failures="0" timestamp="25 Sep 2018 10:50:35 GMT" time="0.020" errors="0">
  <testcase name="hardass" time="0.020" classname="Testngg.hardassert"/>
</testsuite> <!-- Testngg.hardassert -->
