<?xml version="1.0" encoding="UTF-8"?>
<!-- Generated by org.testng.reporters.JUnitReportReporter -->
<testsuite skipped="0" hostname="DESKTOP-JDG5JQP" name="frameworkint.actionsloginlogout" tests="1" failures="0" timestamp="26 Sep 2018 12:23:08 GMT" time="37.106" errors="0">
  <testcase name="testloginlogout" time="37.106" classname="frameworkint.actionsloginlogout"/>
</testsuite> <!-- frameworkint.actionsloginlogout -->
