<?xml version="1.0" encoding="UTF-8"?>
<!-- Generated by org.testng.reporters.JUnitReportReporter -->
<testsuite skipped="1" hostname="DESKTOP-JDG5JQP" name="Testngg.assertndependson" tests="4" failures="0" timestamp="25 Sep 2018 08:32:20 GMT" time="0.016" errors="0">
  <testcase name="edit" time="0.002" classname="Testngg.assertndependson"/>
  <testcase name="registeruser" time="0.012" classname="Testngg.assertndependson"/>
  <testcase name="registeruser" time="0.002" classname="Testngg.assertndependson"/>
  <testcase name="skip" classname="Testngg.assertndependson">
    <skipped/>
  </testcase> <!-- skip -->
</testsuite> <!-- Testngg.assertndependson -->
