<?xml version="1.0" encoding="UTF-8"?>
<!-- Generated by org.testng.reporters.JUnitReportReporter -->
<testsuite skipped="0" hostname="DESKTOP-JDG5JQP" name="Testngg.ex1" tests="4" failures="0" timestamp="24 Sep 2018 18:01:51 GMT" time="0.025" errors="0">
  <testcase name="edituser" time="0.018" classname="Testngg.ex1"/>
  <testcase name="CreateUser" time="0.003" classname="Testngg.ex1"/>
  <testcase name="CreateUser" time="0.002" classname="Testngg.ex1"/>
  <testcase name="deleteUser" time="0.002" classname="Testngg.ex1"/>
</testsuite> <!-- Testngg.ex1 -->
