<?xml version="1.0" encoding="UTF-8"?>
<!-- Generated by org.testng.reporters.JUnitReportReporter -->
<testsuite skipped="0" hostname="DESKTOP-JDG5JQP" name="Testngg.supertsng" tests="1" failures="0" timestamp="25 Sep 2018 07:20:25 GMT" time="0.007" errors="0">
  <testcase name="createuser" time="0.007" classname="Testngg.supertsng"/>
</testsuite> <!-- Testngg.supertsng -->
